This is pdfTeX, Version 3.14159265-2.6-1.40.20 (TeX Live 2019/Debian) (preloaded format=pdflatex 2021.5.4)  9 SEP 2023 11:01
entering extended mode
 restricted \write18 enabled.
 %&-line parsing enabled.
**s262.tex
(./s262.tex
LaTeX2e <2020-02-02> patch level 2
L3 programming layer <2020-02-14>
(/usr/share/texlive/texmf-dist/tex/latex/base/article.cls
Document Class: article 2019/12/20 v1.4l Standard LaTeX document class
(/usr/share/texlive/texmf-dist/tex/latex/base/size12.clo
File: size12.clo 2019/12/20 v1.4l Standard LaTeX file (size option)
)
\c@part=\count167
\c@section=\count168
\c@subsection=\count169
\c@subsubsection=\count170
\c@paragraph=\count171
\c@subparagraph=\count172
\c@figure=\count173
\c@table=\count174
\abovecaptionskip=\skip47
\belowcaptionskip=\skip48
\bibindent=\dimen134
)
(/usr/share/texlive/texmf-dist/tex/latex/float/float.sty
Package: float 2001/11/08 v1.3d Float enhancements (AL)
\c@float@type=\count175
\float@exts=\toks14
\float@box=\box45
\@float@everytoks=\toks15
\@floatcapt=\box46
)
(/usr/share/texlive/texmf-dist/tex/latex/fancyhdr/fancyhdr.sty
Package: fancyhdr 2019/01/31 v3.10 Extensive control of page headers and footer
s
\f@nch@headwidth=\skip49
\f@nch@O@elh=\skip50
\f@nch@O@erh=\skip51
\f@nch@O@olh=\skip52
\f@nch@O@orh=\skip53
\f@nch@O@elf=\skip54
\f@nch@O@erf=\skip55
\f@nch@O@olf=\skip56
\f@nch@O@orf=\skip57
)
(/usr/share/texlive/texmf-dist/tex/latex/amsmath/amsmath.sty
Package: amsmath 2020/01/20 v2.17e AMS math features
\@mathmargin=\skip58

For additional information on amsmath, use the `?' option.
(/usr/share/texlive/texmf-dist/tex/latex/amsmath/amstext.sty
Package: amstext 2000/06/29 v2.01 AMS text

(/usr/share/texlive/texmf-dist/tex/latex/amsmath/amsgen.sty
File: amsgen.sty 1999/11/30 v2.0 generic functions
\@emptytoks=\toks16
\ex@=\dimen135
))
(/usr/share/texlive/texmf-dist/tex/latex/amsmath/amsbsy.sty
Package: amsbsy 1999/11/29 v1.2d Bold Symbols
\pmbraise@=\dimen136
)
(/usr/share/texlive/texmf-dist/tex/latex/amsmath/amsopn.sty
Package: amsopn 2016/03/08 v2.02 operator names
)
\inf@bad=\count176
LaTeX Info: Redefining \frac on input line 227.
\uproot@=\count177
\leftroot@=\count178
LaTeX Info: Redefining \overline on input line 389.
\classnum@=\count179
\DOTSCASE@=\count180
LaTeX Info: Redefining \ldots on input line 486.
LaTeX Info: Redefining \dots on input line 489.
LaTeX Info: Redefining \cdots on input line 610.
\Mathstrutbox@=\box47
\strutbox@=\box48
\big@size=\dimen137
LaTeX Font Info:    Redeclaring font encoding OML on input line 733.
LaTeX Font Info:    Redeclaring font encoding OMS on input line 734.
\macc@depth=\count181
\c@MaxMatrixCols=\count182
\dotsspace@=\muskip16
\c@parentequation=\count183
\dspbrk@lvl=\count184
\tag@help=\toks17
\row@=\count185
\column@=\count186
\maxfields@=\count187
\andhelp@=\toks18
\eqnshift@=\dimen138
\alignsep@=\dimen139
\tagshift@=\dimen140
\tagwidth@=\dimen141
\totwidth@=\dimen142
\lineht@=\dimen143
\@envbody=\toks19
\multlinegap=\skip59
\multlinetaggap=\skip60
\mathdisplay@stack=\toks20
LaTeX Info: Redefining \[ on input line 2859.
LaTeX Info: Redefining \] on input line 2860.
)
(/usr/share/texlive/texmf-dist/tex/latex/amscls/amsthm.sty
Package: amsthm 2017/10/31 v2.20.4
\thm@style=\toks21
\thm@bodyfont=\toks22
\thm@headfont=\toks23
\thm@notefont=\toks24
\thm@headpunct=\toks25
\thm@preskip=\skip61
\thm@postskip=\skip62
\thm@headsep=\skip63
\dth@everypar=\toks26
)
(/usr/share/texlive/texmf-dist/tex/latex/jknapltx/mathrsfs.sty
Package: mathrsfs 1996/01/01 Math RSFS package v1.0 (jk)
\symrsfs=\mathgroup4
)
(/usr/share/texlive/texmf-dist/tex/latex/graphics/graphicx.sty
Package: graphicx 2019/11/30 v1.2a Enhanced LaTeX Graphics (DPC,SPQR)

(/usr/share/texlive/texmf-dist/tex/latex/graphics/keyval.sty
Package: keyval 2014/10/28 v1.15 key=value parser (DPC)
\KV@toks@=\toks27
)
(/usr/share/texlive/texmf-dist/tex/latex/graphics/graphics.sty
Package: graphics 2019/11/30 v1.4a Standard LaTeX Graphics (DPC,SPQR)

(/usr/share/texlive/texmf-dist/tex/latex/graphics/trig.sty
Package: trig 2016/01/03 v1.10 sin cos tan (DPC)
)
(/usr/share/texlive/texmf-dist/tex/latex/graphics-cfg/graphics.cfg
File: graphics.cfg 2016/06/04 v1.11 sample graphics configuration
)
Package graphics Info: Driver file: pdftex.def on input line 105.

(/usr/share/texlive/texmf-dist/tex/latex/graphics-def/pdftex.def
File: pdftex.def 2018/01/08 v1.0l Graphics/color driver for pdftex
))
\Gin@req@height=\dimen144
\Gin@req@width=\dimen145
)
(/usr/share/texlive/texmf-dist/tex/latex/caption/subcaption.sty
Package: subcaption 2020/01/22 v1.3d Sub-captions (AR)

(/usr/share/texlive/texmf-dist/tex/latex/caption/caption.sty
Package: caption 2020/01/03 v3.4h Customizing captions (AR)

(/usr/share/texlive/texmf-dist/tex/latex/caption/caption3.sty
Package: caption3 2020/01/03 v1.8h caption3 kernel (AR)
Package caption3 Info: TeX engine: e-TeX on input line 61.
\captionmargin=\dimen146
\captionmargin@=\dimen147
\captionwidth=\dimen148
\caption@tempdima=\dimen149
\caption@indent=\dimen150
\caption@parindent=\dimen151
\caption@hangindent=\dimen152
Package caption Info: Standard document class detected.
)
\c@caption@flags=\count188
\c@continuedfloat=\count189
Package caption Info: float package is loaded.
)
\c@subfigure=\count190
\c@subtable=\count191
)
(/usr/share/texlive/texmf-dist/tex/latex/wrapfig/wrapfig.sty
\wrapoverhang=\dimen153
\WF@size=\dimen154
\c@WF@wrappedlines=\count192
\WF@box=\box49
\WF@everypar=\toks28
Package: wrapfig 2003/01/31  v 3.6
)
(/usr/share/texlive/texmf-dist/tex/latex/arydshln/arydshln.sty
Package: arydshln 2019/02/21 v1.76 
\dashlinedash=\dimen155
\dashlinegap=\dimen156
\adl@box=\box50
\adl@height=\dimen157
\adl@heightsave=\dimen158
\adl@depth=\dimen159
\adl@depthsave=\dimen160
\adl@finaldepth=\dimen161
\adl@columns=\count193
\adl@ncol=\count194
\adl@currentcolumn=\count195
\adl@currentcolumnsave=\count196
\adl@totalheight=\count197
\adl@totalheightsave=\count198
\adl@dash=\count199
\adl@gap=\count266
\adl@cla=\count267
\adl@clb=\count268
\adl@everyvbox=\toks29
\adl@LTpagetotal=\dimen162
)
(/usr/share/texlive/texmf-dist/tex/latex/pgf/frontendlayer/tikz.sty
(/usr/share/texlive/texmf-dist/tex/latex/pgf/basiclayer/pgf.sty
(/usr/share/texlive/texmf-dist/tex/latex/pgf/utilities/pgfrcs.sty
(/usr/share/texlive/texmf-dist/tex/generic/pgf/utilities/pgfutil-common.tex
\pgfutil@everybye=\toks30
\pgfutil@tempdima=\dimen163
\pgfutil@tempdimb=\dimen164

(/usr/share/texlive/texmf-dist/tex/generic/pgf/utilities/pgfutil-common-lists.t
ex)) (/usr/share/texlive/texmf-dist/tex/generic/pgf/utilities/pgfutil-latex.def
\pgfutil@abb=\box51
(/usr/share/texlive/texmf-dist/tex/latex/ms/everyshi.sty
Package: everyshi 2001/05/15 v3.00 EveryShipout Package (MS)
))
(/usr/share/texlive/texmf-dist/tex/generic/pgf/utilities/pgfrcs.code.tex
(/usr/share/texlive/texmf-dist/tex/generic/pgf/pgf.revision.tex)
Package: pgfrcs 2020/01/08 v3.1.5b (3.1.5b)
))
Package: pgf 2020/01/08 v3.1.5b (3.1.5b)

(/usr/share/texlive/texmf-dist/tex/latex/pgf/basiclayer/pgfcore.sty
(/usr/share/texlive/texmf-dist/tex/latex/pgf/systemlayer/pgfsys.sty
(/usr/share/texlive/texmf-dist/tex/generic/pgf/systemlayer/pgfsys.code.tex
Package: pgfsys 2020/01/08 v3.1.5b (3.1.5b)

(/usr/share/texlive/texmf-dist/tex/generic/pgf/utilities/pgfkeys.code.tex
\pgfkeys@pathtoks=\toks31
\pgfkeys@temptoks=\toks32

(/usr/share/texlive/texmf-dist/tex/generic/pgf/utilities/pgfkeysfiltered.code.t
ex
\pgfkeys@tmptoks=\toks33
))
\pgf@x=\dimen165
\pgf@y=\dimen166
\pgf@xa=\dimen167
\pgf@ya=\dimen168
\pgf@xb=\dimen169
\pgf@yb=\dimen170
\pgf@xc=\dimen171
\pgf@yc=\dimen172
\pgf@xd=\dimen173
\pgf@yd=\dimen174
\w@pgf@writea=\write3
\r@pgf@reada=\read2
\c@pgf@counta=\count269
\c@pgf@countb=\count270
\c@pgf@countc=\count271
\c@pgf@countd=\count272
\t@pgf@toka=\toks34
\t@pgf@tokb=\toks35
\t@pgf@tokc=\toks36
\pgf@sys@id@count=\count273
 (/usr/share/texlive/texmf-dist/tex/generic/pgf/systemlayer/pgf.cfg
File: pgf.cfg 2020/01/08 v3.1.5b (3.1.5b)
)
Driver file for pgf: pgfsys-pdftex.def

(/usr/share/texlive/texmf-dist/tex/generic/pgf/systemlayer/pgfsys-pdftex.def
File: pgfsys-pdftex.def 2020/01/08 v3.1.5b (3.1.5b)

(/usr/share/texlive/texmf-dist/tex/generic/pgf/systemlayer/pgfsys-common-pdf.de
f
File: pgfsys-common-pdf.def 2020/01/08 v3.1.5b (3.1.5b)
)))
(/usr/share/texlive/texmf-dist/tex/generic/pgf/systemlayer/pgfsyssoftpath.code.
tex
File: pgfsyssoftpath.code.tex 2020/01/08 v3.1.5b (3.1.5b)
\pgfsyssoftpath@smallbuffer@items=\count274
\pgfsyssoftpath@bigbuffer@items=\count275
)
(/usr/share/texlive/texmf-dist/tex/generic/pgf/systemlayer/pgfsysprotocol.code.
tex
File: pgfsysprotocol.code.tex 2020/01/08 v3.1.5b (3.1.5b)
)) (/usr/share/texlive/texmf-dist/tex/latex/xcolor/xcolor.sty
Package: xcolor 2016/05/11 v2.12 LaTeX color extensions (UK)

(/usr/share/texlive/texmf-dist/tex/latex/graphics-cfg/color.cfg
File: color.cfg 2016/01/02 v1.6 sample color configuration
)
Package xcolor Info: Driver file: pdftex.def on input line 225.
Package xcolor Info: Model `cmy' substituted by `cmy0' on input line 1348.
Package xcolor Info: Model `hsb' substituted by `rgb' on input line 1352.
Package xcolor Info: Model `RGB' extended on input line 1364.
Package xcolor Info: Model `HTML' substituted by `rgb' on input line 1366.
Package xcolor Info: Model `Hsb' substituted by `hsb' on input line 1367.
Package xcolor Info: Model `tHsb' substituted by `hsb' on input line 1368.
Package xcolor Info: Model `HSB' substituted by `hsb' on input line 1369.
Package xcolor Info: Model `Gray' substituted by `gray' on input line 1370.
Package xcolor Info: Model `wave' substituted by `hsb' on input line 1371.
)
(/usr/share/texlive/texmf-dist/tex/generic/pgf/basiclayer/pgfcore.code.tex
Package: pgfcore 2020/01/08 v3.1.5b (3.1.5b)

(/usr/share/texlive/texmf-dist/tex/generic/pgf/math/pgfmath.code.tex
(/usr/share/texlive/texmf-dist/tex/generic/pgf/math/pgfmathcalc.code.tex
(/usr/share/texlive/texmf-dist/tex/generic/pgf/math/pgfmathutil.code.tex)
(/usr/share/texlive/texmf-dist/tex/generic/pgf/math/pgfmathparser.code.tex
\pgfmath@dimen=\dimen175
\pgfmath@count=\count276
\pgfmath@box=\box52
\pgfmath@toks=\toks37
\pgfmath@stack@operand=\toks38
\pgfmath@stack@operation=\toks39
)
(/usr/share/texlive/texmf-dist/tex/generic/pgf/math/pgfmathfunctions.code.tex
(/usr/share/texlive/texmf-dist/tex/generic/pgf/math/pgfmathfunctions.basic.code
.tex)
(/usr/share/texlive/texmf-dist/tex/generic/pgf/math/pgfmathfunctions.trigonomet
ric.code.tex)
(/usr/share/texlive/texmf-dist/tex/generic/pgf/math/pgfmathfunctions.random.cod
e.tex)
(/usr/share/texlive/texmf-dist/tex/generic/pgf/math/pgfmathfunctions.comparison
.code.tex)
(/usr/share/texlive/texmf-dist/tex/generic/pgf/math/pgfmathfunctions.base.code.
tex)
(/usr/share/texlive/texmf-dist/tex/generic/pgf/math/pgfmathfunctions.round.code
.tex)
(/usr/share/texlive/texmf-dist/tex/generic/pgf/math/pgfmathfunctions.misc.code.
tex)
(/usr/share/texlive/texmf-dist/tex/generic/pgf/math/pgfmathfunctions.integerari
thmetics.code.tex)))
(/usr/share/texlive/texmf-dist/tex/generic/pgf/math/pgfmathfloat.code.tex
\c@pgfmathroundto@lastzeros=\count277
))
(/usr/share/texlive/texmf-dist/tex/generic/pgf/math/pgfint.code.tex)
(/usr/share/texlive/texmf-dist/tex/generic/pgf/basiclayer/pgfcorepoints.code.te
x
File: pgfcorepoints.code.tex 2020/01/08 v3.1.5b (3.1.5b)
\pgf@picminx=\dimen176
\pgf@picmaxx=\dimen177
\pgf@picminy=\dimen178
\pgf@picmaxy=\dimen179
\pgf@pathminx=\dimen180
\pgf@pathmaxx=\dimen181
\pgf@pathminy=\dimen182
\pgf@pathmaxy=\dimen183
\pgf@xx=\dimen184
\pgf@xy=\dimen185
\pgf@yx=\dimen186
\pgf@yy=\dimen187
\pgf@zx=\dimen188
\pgf@zy=\dimen189
)
(/usr/share/texlive/texmf-dist/tex/generic/pgf/basiclayer/pgfcorepathconstruct.
code.tex
File: pgfcorepathconstruct.code.tex 2020/01/08 v3.1.5b (3.1.5b)
\pgf@path@lastx=\dimen190
\pgf@path@lasty=\dimen191
)
(/usr/share/texlive/texmf-dist/tex/generic/pgf/basiclayer/pgfcorepathusage.code
.tex
File: pgfcorepathusage.code.tex 2020/01/08 v3.1.5b (3.1.5b)
\pgf@shorten@end@additional=\dimen192
\pgf@shorten@start@additional=\dimen193
)
(/usr/share/texlive/texmf-dist/tex/generic/pgf/basiclayer/pgfcorescopes.code.te
x
File: pgfcorescopes.code.tex 2020/01/08 v3.1.5b (3.1.5b)
\pgfpic=\box53
\pgf@hbox=\box54
\pgf@layerbox@main=\box55
\pgf@picture@serial@count=\count278
)
(/usr/share/texlive/texmf-dist/tex/generic/pgf/basiclayer/pgfcoregraphicstate.c
ode.tex
File: pgfcoregraphicstate.code.tex 2020/01/08 v3.1.5b (3.1.5b)
\pgflinewidth=\dimen194
)
(/usr/share/texlive/texmf-dist/tex/generic/pgf/basiclayer/pgfcoretransformation
s.code.tex
File: pgfcoretransformations.code.tex 2020/01/08 v3.1.5b (3.1.5b)
\pgf@pt@x=\dimen195
\pgf@pt@y=\dimen196
\pgf@pt@temp=\dimen197
)
(/usr/share/texlive/texmf-dist/tex/generic/pgf/basiclayer/pgfcorequick.code.tex
File: pgfcorequick.code.tex 2020/01/08 v3.1.5b (3.1.5b)
)
(/usr/share/texlive/texmf-dist/tex/generic/pgf/basiclayer/pgfcoreobjects.code.t
ex
File: pgfcoreobjects.code.tex 2020/01/08 v3.1.5b (3.1.5b)
)
(/usr/share/texlive/texmf-dist/tex/generic/pgf/basiclayer/pgfcorepathprocessing
.code.tex
File: pgfcorepathprocessing.code.tex 2020/01/08 v3.1.5b (3.1.5b)
)
(/usr/share/texlive/texmf-dist/tex/generic/pgf/basiclayer/pgfcorearrows.code.te
x
File: pgfcorearrows.code.tex 2020/01/08 v3.1.5b (3.1.5b)
\pgfarrowsep=\dimen198
)
(/usr/share/texlive/texmf-dist/tex/generic/pgf/basiclayer/pgfcoreshade.code.tex
File: pgfcoreshade.code.tex 2020/01/08 v3.1.5b (3.1.5b)
\pgf@max=\dimen199
\pgf@sys@shading@range@num=\count279
\pgf@shadingcount=\count280
)
(/usr/share/texlive/texmf-dist/tex/generic/pgf/basiclayer/pgfcoreimage.code.tex
File: pgfcoreimage.code.tex 2020/01/08 v3.1.5b (3.1.5b)

(/usr/share/texlive/texmf-dist/tex/generic/pgf/basiclayer/pgfcoreexternal.code.
tex
File: pgfcoreexternal.code.tex 2020/01/08 v3.1.5b (3.1.5b)
\pgfexternal@startupbox=\box56
))
(/usr/share/texlive/texmf-dist/tex/generic/pgf/basiclayer/pgfcorelayers.code.te
x
File: pgfcorelayers.code.tex 2020/01/08 v3.1.5b (3.1.5b)
)
(/usr/share/texlive/texmf-dist/tex/generic/pgf/basiclayer/pgfcoretransparency.c
ode.tex
File: pgfcoretransparency.code.tex 2020/01/08 v3.1.5b (3.1.5b)
)
(/usr/share/texlive/texmf-dist/tex/generic/pgf/basiclayer/pgfcorepatterns.code.
tex
File: pgfcorepatterns.code.tex 2020/01/08 v3.1.5b (3.1.5b)
)
(/usr/share/texlive/texmf-dist/tex/generic/pgf/basiclayer/pgfcorerdf.code.tex
File: pgfcorerdf.code.tex 2020/01/08 v3.1.5b (3.1.5b)
)))
(/usr/share/texlive/texmf-dist/tex/generic/pgf/modules/pgfmoduleshapes.code.tex
File: pgfmoduleshapes.code.tex 2020/01/08 v3.1.5b (3.1.5b)
\pgfnodeparttextbox=\box57
) (/usr/share/texlive/texmf-dist/tex/generic/pgf/modules/pgfmoduleplot.code.tex
File: pgfmoduleplot.code.tex 2020/01/08 v3.1.5b (3.1.5b)
)
(/usr/share/texlive/texmf-dist/tex/latex/pgf/compatibility/pgfcomp-version-0-65
.sty
Package: pgfcomp-version-0-65 2020/01/08 v3.1.5b (3.1.5b)
\pgf@nodesepstart=\dimen256
\pgf@nodesepend=\dimen257
)
(/usr/share/texlive/texmf-dist/tex/latex/pgf/compatibility/pgfcomp-version-1-18
.sty
Package: pgfcomp-version-1-18 2020/01/08 v3.1.5b (3.1.5b)
)) (/usr/share/texlive/texmf-dist/tex/latex/pgf/utilities/pgffor.sty
(/usr/share/texlive/texmf-dist/tex/latex/pgf/utilities/pgfkeys.sty
(/usr/share/texlive/texmf-dist/tex/generic/pgf/utilities/pgfkeys.code.tex))
(/usr/share/texlive/texmf-dist/tex/latex/pgf/math/pgfmath.sty
(/usr/share/texlive/texmf-dist/tex/generic/pgf/math/pgfmath.code.tex))
(/usr/share/texlive/texmf-dist/tex/generic/pgf/utilities/pgffor.code.tex
Package: pgffor 2020/01/08 v3.1.5b (3.1.5b)

(/usr/share/texlive/texmf-dist/tex/generic/pgf/math/pgfmath.code.tex)
\pgffor@iter=\dimen258
\pgffor@skip=\dimen259
\pgffor@stack=\toks40
\pgffor@toks=\toks41
))
(/usr/share/texlive/texmf-dist/tex/generic/pgf/frontendlayer/tikz/tikz.code.tex
Package: tikz 2020/01/08 v3.1.5b (3.1.5b)

(/usr/share/texlive/texmf-dist/tex/generic/pgf/libraries/pgflibraryplothandlers
.code.tex
File: pgflibraryplothandlers.code.tex 2020/01/08 v3.1.5b (3.1.5b)
\pgf@plot@mark@count=\count281
\pgfplotmarksize=\dimen260
)
\tikz@lastx=\dimen261
\tikz@lasty=\dimen262
\tikz@lastxsaved=\dimen263
\tikz@lastysaved=\dimen264
\tikz@lastmovetox=\dimen265
\tikz@lastmovetoy=\dimen266
\tikzleveldistance=\dimen267
\tikzsiblingdistance=\dimen268
\tikz@figbox=\box58
\tikz@figbox@bg=\box59
\tikz@tempbox=\box60
\tikz@tempbox@bg=\box61
\tikztreelevel=\count282
\tikznumberofchildren=\count283
\tikznumberofcurrentchild=\count284
\tikz@fig@count=\count285

(/usr/share/texlive/texmf-dist/tex/generic/pgf/modules/pgfmodulematrix.code.tex
File: pgfmodulematrix.code.tex 2020/01/08 v3.1.5b (3.1.5b)
\pgfmatrixcurrentrow=\count286
\pgfmatrixcurrentcolumn=\count287
\pgf@matrix@numberofcolumns=\count288
)
\tikz@expandcount=\count289

(/usr/share/texlive/texmf-dist/tex/generic/pgf/frontendlayer/tikz/libraries/tik
zlibrarytopaths.code.tex
File: tikzlibrarytopaths.code.tex 2020/01/08 v3.1.5b (3.1.5b)
)))
(/usr/share/texlive/texmf-dist/tex/latex/biblatex/biblatex.sty
Package: biblatex 2019/12/01 v3.14 programmable bibliographies (PK/MW)

(/usr/share/texlive/texmf-dist/tex/latex/pdftexcmds/pdftexcmds.sty
Package: pdftexcmds 2019/11/24 v0.31 Utility functions of pdfTeX for LuaTeX (HO
)

(/usr/share/texlive/texmf-dist/tex/generic/infwarerr/infwarerr.sty
Package: infwarerr 2019/12/03 v1.5 Providing info/warning/error messages (HO)
)
(/usr/share/texlive/texmf-dist/tex/generic/iftex/iftex.sty
Package: iftex 2019/11/07 v1.0c TeX engine tests
)
(/usr/share/texlive/texmf-dist/tex/generic/ltxcmds/ltxcmds.sty
Package: ltxcmds 2019/12/15 v1.24 LaTeX kernel commands for general use (HO)
)
Package pdftexcmds Info: \pdf@primitive is available.
Package pdftexcmds Info: \pdf@ifprimitive is available.
Package pdftexcmds Info: \pdfdraftmode found.
)
(/usr/share/texlive/texmf-dist/tex/latex/etoolbox/etoolbox.sty
Package: etoolbox 2019/09/21 v2.5h e-TeX tools for LaTeX (JAW)
\etb@tempcnta=\count290
)
(/usr/share/texlive/texmf-dist/tex/latex/kvoptions/kvoptions.sty
Package: kvoptions 2019/11/29 v3.13 Key value format for package options (HO)

(/usr/share/texlive/texmf-dist/tex/generic/kvsetkeys/kvsetkeys.sty
Package: kvsetkeys 2019/12/15 v1.18 Key value parser (HO)
))
(/usr/share/texlive/texmf-dist/tex/latex/logreq/logreq.sty
Package: logreq 2010/08/04 v1.0 xml request logger
\lrq@indent=\count291

(/usr/share/texlive/texmf-dist/tex/latex/logreq/logreq.def
File: logreq.def 2010/08/04 v1.0 logreq spec v1.0
))
(/usr/share/texlive/texmf-dist/tex/latex/base/ifthen.sty
Package: ifthen 2014/09/29 v1.1c Standard LaTeX ifthen package (DPC)
)
(/usr/share/texlive/texmf-dist/tex/latex/url/url.sty
\Urlmuskip=\muskip17
Package: url 2013/09/16  ver 3.4  Verb mode for urls, etc.
)
\c@tabx@nest=\count292
\c@listtotal=\count293
\c@listcount=\count294
\c@liststart=\count295
\c@liststop=\count296
\c@citecount=\count297
\c@citetotal=\count298
\c@multicitecount=\count299
\c@multicitetotal=\count300
\c@instcount=\count301
\c@maxnames=\count302
\c@minnames=\count303
\c@maxitems=\count304
\c@minitems=\count305
\c@citecounter=\count306
\c@maxcitecounter=\count307
\c@savedcitecounter=\count308
\c@uniquelist=\count309
\c@uniquename=\count310
\c@refsection=\count311
\c@refsegment=\count312
\c@maxextratitle=\count313
\c@maxextratitleyear=\count314
\c@maxextraname=\count315
\c@maxextradate=\count316
\c@maxextraalpha=\count317
\c@abbrvpenalty=\count318
\c@highnamepenalty=\count319
\c@lownamepenalty=\count320
\c@maxparens=\count321
\c@parenlevel=\count322
\blx@tempcnta=\count323
\blx@tempcntb=\count324
\blx@tempcntc=\count325
\blx@maxsection=\count326
\blx@maxsegment@0=\count327
\blx@notetype=\count328
\blx@parenlevel@text=\count329
\blx@parenlevel@foot=\count330
\blx@sectionciteorder@0=\count331
\blx@entrysetcounter=\count332
\labelnumberwidth=\skip64
\labelalphawidth=\skip65
\biblabelsep=\skip66
\bibitemsep=\skip67
\bibnamesep=\skip68
\bibinitsep=\skip69
\bibparsep=\skip70
\bibhang=\skip71
\blx@bcfin=\read3
\blx@bcfout=\write4
\blx@langwohyphens=\language85
\c@mincomprange=\count333
\c@maxcomprange=\count334
\c@mincompwidth=\count335
Package biblatex Info: Trying to load biblatex default data model...
Package biblatex Info: ... file 'blx-dm.def' found.

(/usr/share/texlive/texmf-dist/tex/latex/biblatex/blx-dm.def
File: blx-dm.def 2019/12/01 v3.14 biblatex localization (PK/MW)
)
Package biblatex Info: Trying to load biblatex style data model...
Package biblatex Info: ... file 'numeric.dbx' not found.
Package biblatex Info: Trying to load biblatex custom data model...
Package biblatex Info: ... file 'biblatex-dm.cfg' not found.
\c@afterword=\count336
\c@savedafterword=\count337
\c@annotator=\count338
\c@savedannotator=\count339
\c@author=\count340
\c@savedauthor=\count341
\c@bookauthor=\count342
\c@savedbookauthor=\count343
\c@commentator=\count344
\c@savedcommentator=\count345
\c@editor=\count346
\c@savededitor=\count347
\c@editora=\count348
\c@savededitora=\count349
\c@editorb=\count350
\c@savededitorb=\count351
\c@editorc=\count352
\c@savededitorc=\count353
\c@foreword=\count354
\c@savedforeword=\count355
\c@holder=\count356
\c@savedholder=\count357
\c@introduction=\count358
\c@savedintroduction=\count359
\c@namea=\count360
\c@savednamea=\count361
\c@nameb=\count362
\c@savednameb=\count363
\c@namec=\count364
\c@savednamec=\count365
\c@translator=\count366
\c@savedtranslator=\count367
\c@shortauthor=\count368
\c@savedshortauthor=\count369
\c@shorteditor=\count370
\c@savedshorteditor=\count371
\c@labelname=\count372
\c@savedlabelname=\count373
\c@institution=\count374
\c@savedinstitution=\count375
\c@lista=\count376
\c@savedlista=\count377
\c@listb=\count378
\c@savedlistb=\count379
\c@listc=\count380
\c@savedlistc=\count381
\c@listd=\count382
\c@savedlistd=\count383
\c@liste=\count384
\c@savedliste=\count385
\c@listf=\count386
\c@savedlistf=\count387
\c@location=\count388
\c@savedlocation=\count389
\c@organization=\count390
\c@savedorganization=\count391
\c@origlocation=\count392
\c@savedoriglocation=\count393
\c@origpublisher=\count394
\c@savedorigpublisher=\count395
\c@publisher=\count396
\c@savedpublisher=\count397
\c@language=\count398
\c@savedlanguage=\count399
\c@origlanguage=\count400
\c@savedoriglanguage=\count401
\c@pageref=\count402
\c@savedpageref=\count403
\shorthandwidth=\skip72
\shortjournalwidth=\skip73
\shortserieswidth=\skip74
\shorttitlewidth=\skip75
\shortauthorwidth=\skip76
\shorteditorwidth=\skip77
\locallabelnumberwidth=\skip78
\locallabelalphawidth=\skip79
\localshorthandwidth=\skip80
\localshortjournalwidth=\skip81
\localshortserieswidth=\skip82
\localshorttitlewidth=\skip83
\localshortauthorwidth=\skip84
\localshorteditorwidth=\skip85
Package biblatex Info: Trying to load compatibility code...
Package biblatex Info: ... file 'blx-compat.def' found.

(/usr/share/texlive/texmf-dist/tex/latex/biblatex/blx-compat.def
File: blx-compat.def 2019/12/01 v3.14 biblatex compatibility (PK/MW)
)
Package biblatex Info: Trying to load generic definitions...
Package biblatex Info: ... file 'biblatex.def' found.

(/usr/share/texlive/texmf-dist/tex/latex/biblatex/biblatex.def
File: biblatex.def 2019/12/01 v3.14 biblatex compatibility (PK/MW)
\c@textcitecount=\count404
\c@textcitetotal=\count405
\c@textcitemaxnames=\count406
\c@biburlbigbreakpenalty=\count407
\c@biburlbreakpenalty=\count408
\c@biburlnumpenalty=\count409
\c@biburlucpenalty=\count410
\c@biburllcpenalty=\count411
\biburlbigskip=\muskip18
\biburlnumskip=\muskip19
\biburlucskip=\muskip20
\biburllcskip=\muskip21
\c@smartand=\count412
)
Package biblatex Info: Trying to load natbib compatibility...
Package biblatex Info: ... file 'blx-natbib.def' found.

(/usr/share/texlive/texmf-dist/tex/latex/biblatex/blx-natbib.def
File: blx-natbib.def 2019/12/01 v3.14 biblatex compatibility (PK/MW)
Package biblatex Info: Delimiter 'nameyeardelim' in context '' already defined,
 overwriting.
)
Package biblatex Info: Trying to load bibliography style 'numeric'...
Package biblatex Info: ... file 'numeric.bbx' found.

(/usr/share/texlive/texmf-dist/tex/latex/biblatex/bbx/numeric.bbx
File: numeric.bbx 2019/12/01 v3.14 biblatex bibliography style (PK/MW)
Package biblatex Info: Trying to load bibliography style 'standard'...
Package biblatex Info: ... file 'standard.bbx' found.

(/usr/share/texlive/texmf-dist/tex/latex/biblatex/bbx/standard.bbx
File: standard.bbx 2019/12/01 v3.14 biblatex bibliography style (PK/MW)
\c@bbx:relatedcount=\count413
\c@bbx:relatedtotal=\count414
))
Package biblatex Info: Trying to load citation style 'numeric'...
Package biblatex Info: ... file 'numeric.cbx' found.

(/usr/share/texlive/texmf-dist/tex/latex/biblatex/cbx/numeric.cbx
File: numeric.cbx 2019/12/01 v3.14 biblatex citation style (PK/MW)
Package biblatex Info: Redefining '\cite'.
Package biblatex Info: Redefining '\parencite'.
Package biblatex Info: Redefining '\footcite'.
Package biblatex Info: Redefining '\footcitetext'.
Package biblatex Info: Redefining '\smartcite'.
Package biblatex Info: Redefining '\supercite'.
Package biblatex Info: Redefining '\textcite'.
Package biblatex Info: Redefining '\textcites'.
Package biblatex Info: Redefining '\cites'.
Package biblatex Info: Redefining '\parencites'.
Package biblatex Info: Redefining '\smartcites'.
)
Package biblatex Info: Trying to load configuration file...
Package biblatex Info: ... file 'biblatex.cfg' found.

(/usr/share/texlive/texmf-dist/tex/latex/biblatex/biblatex.cfg
File: biblatex.cfg 
))
\@quotelevel=\count415
\@quotereset=\count416

(/usr/share/texlive/texmf-dist/tex/latex/l3backend/l3backend-pdfmode.def
File: l3backend-pdfmode.def 2020-02-03 L3 backend support: PDF mode
\l__kernel_color_stack_int=\count417
\l__pdf_internal_box=\box62
)
(./s262.aux)
\openout1 = `s262.aux'.

LaTeX Font Info:    Checking defaults for OML/cmm/m/it on input line 21.
LaTeX Font Info:    ... okay on input line 21.
LaTeX Font Info:    Checking defaults for OMS/cmsy/m/n on input line 21.
LaTeX Font Info:    ... okay on input line 21.
LaTeX Font Info:    Checking defaults for OT1/cmr/m/n on input line 21.
LaTeX Font Info:    ... okay on input line 21.
LaTeX Font Info:    Checking defaults for T1/cmr/m/n on input line 21.
LaTeX Font Info:    ... okay on input line 21.
LaTeX Font Info:    Checking defaults for TS1/cmr/m/n on input line 21.
LaTeX Font Info:    ... okay on input line 21.
LaTeX Font Info:    Checking defaults for OMX/cmex/m/n on input line 21.
LaTeX Font Info:    ... okay on input line 21.
LaTeX Font Info:    Checking defaults for U/cmr/m/n on input line 21.
LaTeX Font Info:    ... okay on input line 21.
 (/usr/share/texlive/texmf-dist/tex/context/base/mkii/supp-pdf.mkii
[Loading MPS to PDF converter (version 2006.09.02).]
\scratchcounter=\count418
\scratchdimen=\dimen269
\scratchbox=\box63
\nofMPsegments=\count419
\nofMParguments=\count420
\everyMPshowfont=\toks42
\MPscratchCnt=\count421
\MPscratchDim=\dimen270
\MPnumerator=\count422
\makeMPintoPDFobject=\count423
\everyMPtoPDFconversion=\toks43
) (/usr/share/texlive/texmf-dist/tex/latex/epstopdf-pkg/epstopdf-base.sty
Package: epstopdf-base 2020-01-24 v2.11 Base part for package epstopdf

(/usr/share/texlive/texmf-dist/tex/latex/grfext/grfext.sty
Package: grfext 2019/12/03 v1.3 Manage graphics extensions (HO)

(/usr/share/texlive/texmf-dist/tex/generic/kvdefinekeys/kvdefinekeys.sty
Package: kvdefinekeys 2019-12-19 v1.6 Define keys (HO)
))
Package epstopdf-base Info: Redefining graphics rule for `.eps' on input line 4
85.
Package grfext Info: Graphics extension search list:
(grfext)             [.pdf,.png,.jpg,.mps,.jpeg,.jbig2,.jb2,.PDF,.PNG,.JPG,.JPE
G,.JBIG2,.JB2,.eps]
(grfext)             \AppendGraphicsExtensions on input line 504.

(/usr/share/texlive/texmf-dist/tex/latex/latexconfig/epstopdf-sys.cfg
File: epstopdf-sys.cfg 2010/07/13 v1.3 Configuration of (r)epstopdf for TeX Liv
e
))
Package caption Info: Begin \AtBeginDocument code.
Package caption Info: wrapfig package is loaded.
Package caption Info: End \AtBeginDocument code.

ABD: EveryShipout initializing macros
Package biblatex Info: Trying to load language 'english'...
Package biblatex Info: ... file 'english.lbx' found.

(/usr/share/texlive/texmf-dist/tex/latex/biblatex/lbx/english.lbx
File: english.lbx 2019/12/01 v3.14 biblatex localization (PK/MW)
)
Package biblatex Info: Input encoding 'utf8' detected.
Package biblatex Info: Automatic encoding selection.
(biblatex)             Assuming data encoding 'utf8'.
\openout4 = `s262.bcf'.

Package biblatex Info: Trying to load bibliographic data...
Package biblatex Info: ... file 's262.bbl' found.
 (./s262.bbl)
Package biblatex Info: Reference section=0 on input line 21.
Package biblatex Info: Reference segment=0 on input line 21.
[1

{/var/lib/texmf/fonts/map/pdftex/updmap/pdftex.map}]
LaTeX Font Info:    Trying to load font information for U+rsfs on input line 53
.

(/usr/share/texlive/texmf-dist/tex/latex/jknapltx/ursfs.fd
File: ursfs.fd 1998/03/24 rsfs font definition file (jk)
) [1]
<fig/Exercise 1.1.jpg, id=19, 578.16pt x 433.62pt>
File: fig/Exercise 1.1.jpg Graphic file (type jpg)
<use fig/Exercise 1.1.jpg>
Package pdftex.def Info: fig/Exercise 1.1.jpg  used on input line 65.
(pdftex.def)             Requested size: 289.07928pt x 216.80946pt.
 [2 <./fig/Exercise 1.1.jpg>]
<fig/Exercise 1.21.jpg, id=24, 578.16pt x 433.62pt>
File: fig/Exercise 1.21.jpg Graphic file (type jpg)
<use fig/Exercise 1.21.jpg>
Package pdftex.def Info: fig/Exercise 1.21.jpg  used on input line 110.
(pdftex.def)             Requested size: 175.49881pt x 131.62202pt.
<fig/Exercise 1.22.jpg, id=25, 578.16pt x 433.62pt>
File: fig/Exercise 1.22.jpg Graphic file (type jpg)
<use fig/Exercise 1.22.jpg>
Package pdftex.def Info: fig/Exercise 1.22.jpg  used on input line 117.
(pdftex.def)             Requested size: 175.49881pt x 131.62202pt.
 [3]
Overfull \hbox (2.10486pt too wide) in paragraph at lines 165--179
 [][] 
 []

[4 <./fig/Exercise 1.21.jpg> <./fig/Exercise 1.22.jpg>]
<fig/Exercise 1.3.jpg, id=33, 1284.8pt x 998.73125pt>
File: fig/Exercise 1.3.jpg Graphic file (type jpg)
<use fig/Exercise 1.3.jpg>
Package pdftex.def Info: fig/Exercise 1.3.jpg  used on input line 188.
(pdftex.def)             Requested size: 256.95544pt x 199.7427pt.
 [5 <./fig/Exercise 1.3.jpg>]
<fig/Exercise 1.4.jpg, id=37, 578.16pt x 433.62pt>
File: fig/Exercise 1.4.jpg Graphic file (type jpg)
<use fig/Exercise 1.4.jpg>
Package pdftex.def Info: fig/Exercise 1.4.jpg  used on input line 219.
(pdftex.def)             Requested size: 289.07928pt x 216.80946pt.
 [6 <./fig/Exercise 1.4.jpg>]
<fig/Exercise_5_1.jpg, id=42, 578.16pt x 433.62pt>
File: fig/Exercise_5_1.jpg Graphic file (type jpg)
<use fig/Exercise_5_1.jpg>
Package pdftex.def Info: fig/Exercise_5_1.jpg  used on input line 254.
(pdftex.def)             Requested size: 289.07928pt x 216.80946pt.
 [7 <./fig/Exercise_5_1.jpg>]
<fig/Exercise_5_2.jpg, id=48, 578.16pt x 433.62pt>
File: fig/Exercise_5_2.jpg Graphic file (type jpg)
<use fig/Exercise_5_2.jpg>
Package pdftex.def Info: fig/Exercise_5_2.jpg  used on input line 273.
(pdftex.def)             Requested size: 289.07928pt x 216.80946pt.
 [8 <./fig/Exercise_5_2.jpg>]
<fig/Exercise_6_1.jpg, id=54, 578.16pt x 433.62pt>
File: fig/Exercise_6_1.jpg Graphic file (type jpg)
<use fig/Exercise_6_1.jpg>
Package pdftex.def Info: fig/Exercise_6_1.jpg  used on input line 289.
(pdftex.def)             Requested size: 289.07928pt x 216.80946pt.
<fig/Exercise_6_2.jpg, id=55, 578.16pt x 433.62pt>
File: fig/Exercise_6_2.jpg Graphic file (type jpg)
<use fig/Exercise_6_2.jpg>
Package pdftex.def Info: fig/Exercise_6_2.jpg  used on input line 296.
(pdftex.def)             Requested size: 289.07928pt x 216.80946pt.
 [9 <./fig/Exercise_6_1.jpg>]
<fig/Exercise 1.7.jpg, id=59, 578.16pt x 433.62pt>
File: fig/Exercise 1.7.jpg Graphic file (type jpg)
<use fig/Exercise 1.7.jpg>
Package pdftex.def Info: fig/Exercise 1.7.jpg  used on input line 316.
(pdftex.def)             Requested size: 289.07928pt x 216.80946pt.
 [10 <./fig/Exercise_6_2.jpg>]
[11 <./fig/Exercise 1.7.jpg>]
<fig/Exercise 1.8.jpg, id=66, 963.6pt x 1284.8pt>
File: fig/Exercise 1.8.jpg Graphic file (type jpg)
<use fig/Exercise 1.8.jpg>
Package pdftex.def Info: fig/Exercise 1.8.jpg  used on input line 339.
(pdftex.def)             Requested size: 192.71658pt x 256.95544pt.
 [12 <./fig/Exercise 1.8.jpg>]
<fig/Exercise 1.91.jpg, id=71, 578.16pt x 433.62pt>
File: fig/Exercise 1.91.jpg Graphic file (type jpg)
<use fig/Exercise 1.91.jpg>
Package pdftex.def Info: fig/Exercise 1.91.jpg  used on input line 369.
(pdftex.def)             Requested size: 289.07928pt x 216.80946pt.
 [13]
<fig/Exercise 1.92.jpg, id=75, 578.16pt x 433.62pt>
File: fig/Exercise 1.92.jpg Graphic file (type jpg)
<use fig/Exercise 1.92.jpg>
Package pdftex.def Info: fig/Exercise 1.92.jpg  used on input line 376.
(pdftex.def)             Requested size: 289.07928pt x 216.80946pt.
<fig/Exercise 1.93.jpg, id=76, 1300.86pt x 578.16pt>
File: fig/Exercise 1.93.jpg Graphic file (type jpg)
<use fig/Exercise 1.93.jpg>
Package pdftex.def Info: fig/Exercise 1.93.jpg  used on input line 383.
(pdftex.def)             Requested size: 390.26102pt x 173.44933pt.
 [14 <./fig/Exercise 1.91.jpg> <./fig/Exercise 1.92.jpg>]
<fig/Exercise 1.94.jpg, id=80, 578.16pt x 433.62pt>
File: fig/Exercise 1.94.jpg Graphic file (type jpg)
<use fig/Exercise 1.94.jpg>
Package pdftex.def Info: fig/Exercise 1.94.jpg  used on input line 390.
(pdftex.def)             Requested size: 289.07928pt x 216.80946pt.

Overfull \hbox (35.38083pt too wide) in paragraph at lines 400--416
 [][] 
 []

[15 <./fig/Exercise 1.93.jpg> <./fig/Exercise 1.94.jpg>] [16] [17] [18]
[19]
<fig/Plank_law.png, id=97, 722.7pt x 433.62pt>
File: fig/Plank_law.png Graphic file (type png)
<use fig/Plank_law.png>
Package pdftex.def Info: fig/Plank_law.png  used on input line 507.
(pdftex.def)             Requested size: 361.3491pt x 216.80946pt.
<fig/sunRadioSpectrum.png, id=99, 519.44063pt x 441.14813pt>
File: fig/sunRadioSpectrum.png Graphic file (type png)
<use fig/sunRadioSpectrum.png>
Package pdftex.def Info: fig/sunRadioSpectrum.png  used on input line 520.
(pdftex.def)             Requested size: 259.71968pt x 220.57352pt.
 [20 <./fig/Plank_law.png>] [21 <./fig/sunRadioSpectrum.png>]
<fig/decscan.png, id=107, 578.16pt x 433.62pt>
File: fig/decscan.png Graphic file (type png)
<use fig/decscan.png>
Package pdftex.def Info: fig/decscan.png  used on input line 539.
(pdftex.def)             Requested size: 346.89867pt x 260.17401pt.
<fig/Raw_Data_antena_A.png, id=108, 578.16pt x 433.62pt>
File: fig/Raw_Data_antena_A.png Graphic file (type png)
<use fig/Raw_Data_antena_A.png>
Package pdftex.def Info: fig/Raw_Data_antena_A.png  used on input line 548.
(pdftex.def)             Requested size: 346.89867pt x 260.17401pt.
 [22 <./fig/decscan.png>]
<fig/Denoised_Data_antena_A.png, id=113, 578.16pt x 433.62pt>
File: fig/Denoised_Data_antena_A.png Graphic file (type png)
<use fig/Denoised_Data_antena_A.png>
Package pdftex.def Info: fig/Denoised_Data_antena_A.png  used on input line 557
.
(pdftex.def)             Requested size: 346.89867pt x 260.17401pt.
 [23 <./fig/Raw_Data_antena_A.png>]
<fig/Denoised_Data_antena_B.png, id=118, 578.16pt x 433.62pt>
File: fig/Denoised_Data_antena_B.png Graphic file (type png)
<use fig/Denoised_Data_antena_B.png>
Package pdftex.def Info: fig/Denoised_Data_antena_B.png  used on input line 564
.
(pdftex.def)             Requested size: 346.89867pt x 260.17401pt.
 [24 <./fig/Denoised_Data_antena_A.png>]
<fig/7.AntennaAscan.png, id=124, 272.6988pt x 296.7888pt>
File: fig/7.AntennaAscan.png Graphic file (type png)
<use fig/7.AntennaAscan.png>
Package pdftex.def Info: fig/7.AntennaAscan.png  used on input line 576.
(pdftex.def)             Requested size: 175.49881pt x 191.0084pt.
<fig/8.AntennaBscan.png, id=125, 272.6988pt x 296.7888pt>
File: fig/8.AntennaBscan.png Graphic file (type png)
<use fig/8.AntennaBscan.png>
Package pdftex.def Info: fig/8.AntennaBscan.png  used on input line 583.
(pdftex.def)             Requested size: 175.49881pt x 191.0084pt.
 [25 <./fig/Denoised_Data_antena_B.png>]
<fig/9.Interfscan.png, id=130, 272.6988pt x 296.7888pt>
File: fig/9.Interfscan.png Graphic file (type png)
<use fig/9.Interfscan.png>
Package pdftex.def Info: fig/9.Interfscan.png  used on input line 594.
(pdftex.def)             Requested size: 272.69812pt x 296.78807pt.
 [26 <./fig/7.AntennaAscan.png> <./fig/8.AntennaBscan.png>] [27 <./fig/9.Interf
scan.png>]
<fig/still_Denoised_Data_antena_A.png, id=140, 578.16pt x 433.62pt>
File: fig/still_Denoised_Data_antena_A.png Graphic file (type png)
<use fig/still_Denoised_Data_antena_A.png>
Package pdftex.def Info: fig/still_Denoised_Data_antena_A.png  used on input li
ne 615.
(pdftex.def)             Requested size: 175.49881pt x 131.62202pt.
<fig/still_Denoised_Data_antena_B.png, id=141, 578.16pt x 433.62pt>
File: fig/still_Denoised_Data_antena_B.png Graphic file (type png)
<use fig/still_Denoised_Data_antena_B.png>
Package pdftex.def Info: fig/still_Denoised_Data_antena_B.png  used on input li
ne 622.
(pdftex.def)             Requested size: 175.49881pt x 131.62202pt.
 [28 <./fig/still_Denoised_Data_antena_A.png> <./fig/still_Denoised_Data_antena
_B.png>] [29]
Overfull \hbox (6.06976pt too wide) in paragraph at lines 649--649
[]\OT1/cmr/m/n/12 J. Can-iou. \OT1/cmr/m/it/12 Pas-sive In-frared De-tec-tion: 
The-ory and Ap-pli-ca-tions\OT1/cmr/m/n/12 . Springer
 []

[30] (./s262.aux)
Package logreq Info: Writing requests to 's262.run.xml'.
\openout1 = `s262.run.xml'.

 ) 
Here is how much of TeX's memory you used:
 21518 strings out of 481239
 420152 string characters out of 5920378
 1015310 words of memory out of 5000000
 36426 multiletter control sequences out of 15000+600000
 540468 words of font info for 53 fonts, out of 8000000 for 9000
 1141 hyphenation exceptions out of 8191
 60i,14n,61p,1032b,1406s stack positions out of 5000i,500n,10000p,200000b,80000s
{/usr/share/texmf/fonts/enc/dvips/cm-super/cm-super-ts1.enc}</usr/share/texli
ve/texmf-dist/fonts/type1/public/amsfonts/cm/cmbx12.pfb></usr/share/texlive/tex
mf-dist/fonts/type1/public/amsfonts/cm/cmcsc10.pfb></usr/share/texlive/texmf-di
st/fonts/type1/public/amsfonts/cm/cmmi12.pfb></usr/share/texlive/texmf-dist/fon
ts/type1/public/amsfonts/cm/cmmi6.pfb></usr/share/texlive/texmf-dist/fonts/type
1/public/amsfonts/cm/cmmi8.pfb></usr/share/texlive/texmf-dist/fonts/type1/publi
c/amsfonts/cm/cmr10.pfb></usr/share/texlive/texmf-dist/fonts/type1/public/amsfo
nts/cm/cmr12.pfb></usr/share/texlive/texmf-dist/fonts/type1/public/amsfonts/cm/
cmr6.pfb></usr/share/texlive/texmf-dist/fonts/type1/public/amsfonts/cm/cmr8.pfb
></usr/share/texlive/texmf-dist/fonts/type1/public/amsfonts/cm/cmsy10.pfb></usr
/share/texlive/texmf-dist/fonts/type1/public/amsfonts/cm/cmsy8.pfb></usr/share/
texlive/texmf-dist/fonts/type1/public/amsfonts/cm/cmti12.pfb></usr/share/texliv
e/texmf-dist/fonts/type1/public/amsfonts/cm/cmtt12.pfb></usr/share/texmf/fonts/
type1/public/cm-super/sfrm1200.pfb>
Output written on s262.pdf (31 pages, 4936276 bytes).
PDF statistics:
 202 PDF objects out of 1000 (max. 8388607)
 117 compressed objects within 2 object streams
 0 named destinations out of 1000 (max. 500000)
 143 words of extra memory for PDF output out of 10000 (max. 10000000)

