\BOOKMARK [1][-]{section.1}{Abstract}{}% 1
\BOOKMARK [1][-]{section.2}{Diode Laser Characteristics}{}% 2
\BOOKMARK [1][-]{section.3}{Use of The Fabry-P\351rot Interferometer}{}% 3
\BOOKMARK [2][-]{subsection.3.1}{Experimental Setup}{section.3}% 4
\BOOKMARK [2][-]{subsection.3.2}{Finesse Measurement}{section.3}% 5
\BOOKMARK [2][-]{subsection.3.3}{Frequency Calibration}{section.3}% 6
\BOOKMARK [1][-]{section.4}{Linear Spectroscopy}{}% 7
\BOOKMARK [2][-]{subsection.4.1}{Hyperfine Splitting}{section.4}% 8
\BOOKMARK [2][-]{subsection.4.2}{Expected Theoretical Absorption Spectrum}{section.4}% 9
\BOOKMARK [2][-]{subsection.4.3}{Experimental Setup}{section.4}% 10
\BOOKMARK [2][-]{subsection.4.4}{Measuring Hyperfine Couplings Constants \046 Resolution}{section.4}% 11
\BOOKMARK [2][-]{subsection.4.5}{FWHM \046 Doppler Broadening}{section.4}% 12
\BOOKMARK [2][-]{subsection.4.6}{Verifiying Lambert-Beer Law}{section.4}% 13
\BOOKMARK [1][-]{section.5}{Non-Linear Spectroscopy}{}% 14
\BOOKMARK [2][-]{subsection.5.1}{Experimental Setup}{section.5}% 15
\BOOKMARK [2][-]{subsection.5.2}{Measuring Hyperfine Couplings Constants \046 Res- olution}{section.5}% 16
\BOOKMARK [2][-]{subsection.5.3}{Saturation Power}{section.5}% 17
\BOOKMARK [1][-]{section.6}{Error Discussion}{}% 18
\BOOKMARK [2][-]{subsection.6.1}{Diode laser characteristics}{section.6}% 19
\BOOKMARK [2][-]{subsection.6.2}{The Fabry-Perot interferometer}{section.6}% 20
\BOOKMARK [2][-]{subsection.6.3}{Linear Spectroscopy}{section.6}% 21
\BOOKMARK [2][-]{subsection.6.4}{Non-Linear Spectroscopy}{section.6}% 22
\BOOKMARK [1][-]{section.7}{Conclusion}{}% 23
