\BOOKMARK [1][-]{section.1}{Introduction}{}% 1
\BOOKMARK [1][-]{section.2}{Data Reduction \046 Image Processing}{}% 2
\BOOKMARK [2][-]{subsection.2.1}{Bias Subtraction}{section.2}% 3
\BOOKMARK [2][-]{subsection.2.2}{Dark Subtraction}{section.2}% 4
\BOOKMARK [2][-]{subsection.2.3}{Flat Fields}{section.2}% 5
\BOOKMARK [2][-]{subsection.2.4}{Image Registration}{section.2}% 6
\BOOKMARK [2][-]{subsection.2.5}{Weight Maps}{section.2}% 7
\BOOKMARK [2][-]{subsection.2.6}{Cosmic Ray Subtraction}{section.2}% 8
\BOOKMARK [2][-]{subsection.2.7}{Background Subtraction}{section.2}% 9
\BOOKMARK [1][-]{section.3}{Calibration}{}% 10
\BOOKMARK [2][-]{subsection.3.1}{Astrometric Calibration}{section.3}% 11
\BOOKMARK [2][-]{subsection.3.2}{Photometric Calibration}{section.3}% 12
\BOOKMARK [2][-]{subsection.3.3}{Cropping the Image}{section.3}% 13
\BOOKMARK [1][-]{section.4}{Data Analysis}{}% 14
\BOOKMARK [2][-]{subsection.4.1}{Extinction}{section.4}% 15
\BOOKMARK [2][-]{subsection.4.2}{Isochrone Fitting}{section.4}% 16
\BOOKMARK [2][-]{subsection.4.3}{Distance to the Cluster}{section.4}% 17
\BOOKMARK [2][-]{subsection.4.4}{Age of the Cluster}{section.4}% 18
\BOOKMARK [2][-]{subsection.4.5}{Cluster Metallicity}{section.4}% 19
\BOOKMARK [1][-]{section.5}{Discussion}{}% 20
\BOOKMARK [1][-]{section.6}{Conclusion}{}% 21
\BOOKMARK [1][-]{appendix.A}{Figures}{}% 22
